<?xml version="1.0" encoding="UTF-8"?>
<testng-results skipped="0" failed="0" ignored="0" total="1" passed="1">
  <reporter-output>
  </reporter-output>
  <suite name="Default suite" duration-ms="99" started-at="2020-05-09T18:46:56 CDT" finished-at="2020-05-09T18:46:56 CDT">
    <groups>
    </groups>
    <test name="Default test" duration-ms="99" started-at="2020-05-09T18:46:56 CDT" finished-at="2020-05-09T18:46:56 CDT">
      <class name="JenkinsPractice.Jenkins_Practice.JekinsGitHub">
        <test-method status="PASS" signature="Sum()[pri:0, instance:JenkinsPractice.Jenkins_Practice.JekinsGitHub@614ddd49]" name="Sum" duration-ms="26" started-at="2020-05-09T18:46:56 CDT" finished-at="2020-05-09T18:46:56 CDT">
          <reporter-output>
          </reporter-output>
        </test-method> <!-- Sum -->
      </class> <!-- JenkinsPractice.Jenkins_Practice.JekinsGitHub -->
    </test> <!-- Default test -->
  </suite> <!-- Default suite -->
</testng-results>
